INFO: 2023-10-11 08:02:31,610: main() 'Using profile folder /home/subhashis/.config/variety/'
INFO: 2023-10-11 08:02:31,613: perform_upgrade() 'Last run version was 0.8.10 or earlier, current version is 0.8.10'
ERROR: 2023-10-11 08:02:31,613: perform_upgrade() 'Error during version upgrade. Continuing.'
Traceback (most recent call last):
  File "/usr/lib/python3.11/site-packages/variety/VarietyWindow.py", line 2283, in perform_upgrade
    if Util.compare_versions(last_version, "0.4.13") < 0:
       ^^^^^^^^^^^^^^^^^^^^^^^^^^^^^^^^^^^^^^^^^^^^^
  File "/usr/lib/python3.11/site-packages/variety/Util.py", line 768, in compare_versions
    from pkg_resources import parse_version
ModuleNotFoundError: No module named 'pkg_resources'
INFO: 2023-10-11 08:02:31,614: process_command() 'Received command: []'
INFO: 2023-10-11 08:02:31,617: start() 'Using data_path /usr/share/variety'
INFO: 2023-10-11 08:02:31,617: load() 'Jumble loading'
INFO: 2023-10-11 08:02:31,641: _walk_modules() 'Jumble loading module in __init__ from /usr/lib/python3.11/site-packages/variety/plugins/builtin/__init__.py'
INFO: 2023-10-11 08:02:31,642: _walk_modules() 'Jumble loading module in GnomeDisplayModesPlugin from /usr/lib/python3.11/site-packages/variety/plugins/builtin/display_modes/GnomeDisplayModesPlugin.py'
INFO: 2023-10-11 08:02:31,643: load() 'Jumble found plugin class: <class 'GnomeDisplayModesPlugin.GnomeDisplayModesPlugin'>: {'name': 'GnomeDisplayModesPlugin', 'description': 'Display modes relying on the underlying desktop environment', 'version': '1.0', 'author': 'Peter Levi'}'
INFO: 2023-10-11 08:02:31,643: _walk_modules() 'Jumble loading module in LegacyDisplayModesPlugin from /usr/lib/python3.11/site-packages/variety/plugins/builtin/display_modes/LegacyDisplayModesPlugin.py'
INFO: 2023-10-11 08:02:31,643: load() 'Jumble found plugin class: <class 'LegacyDisplayModesPlugin.LegacyDisplayModesPlugin'>: {'name': 'LegacyDisplayModesPlugin', 'description': 'Legacy display mode for compatibility with past Variety versions', 'version': '1.0', 'author': 'Peter Levi'}'
INFO: 2023-10-11 08:02:31,644: _walk_modules() 'Jumble loading module in ResizingDisplayModesPlugin from /usr/lib/python3.11/site-packages/variety/plugins/builtin/display_modes/ResizingDisplayModesPlugin.py'
INFO: 2023-10-11 08:02:31,644: load() 'Jumble found plugin class: <class 'ResizingDisplayModesPlugin.ResizingDisplayModesPlugin'>: {'name': 'ResizingDisplayModesPlugin', 'description': 'Display modes that use image resizing within Variety', 'version': '1.0', 'author': 'Peter Levi'}'
INFO: 2023-10-11 08:02:31,645: _walk_modules() 'Jumble loading module in __init__ from /usr/lib/python3.11/site-packages/variety/plugins/builtin/display_modes/__init__.py'
INFO: 2023-10-11 08:02:31,645: _walk_modules() 'Jumble loading module in APODDownloader from /usr/lib/python3.11/site-packages/variety/plugins/builtin/downloaders/APODDownloader.py'
INFO: 2023-10-11 08:02:31,646: load() 'Jumble found plugin class: <class 'APODDownloader.APODDownloader'>: {'name': 'APODDownloader', 'description': 'NASA Astro Pic of the Day', 'author': 'Peter Levi', 'version': '0.1'}'
INFO: 2023-10-11 08:02:31,646: _walk_modules() 'Jumble loading module in ArtStationDownloader from /usr/lib/python3.11/site-packages/variety/plugins/builtin/downloaders/ArtStationDownloader.py'
INFO: 2023-10-11 08:02:31,647: _walk_modules() 'Jumble loading module in ArtStationSource from /usr/lib/python3.11/site-packages/variety/plugins/builtin/downloaders/ArtStationSource.py'
INFO: 2023-10-11 08:02:31,649: load() 'Jumble found plugin class: <class 'ArtStationSource.ArtStationSource'>: {'name': 'ArtStationSource', 'description': 'Configurable source for fetching images from ArtStation', 'author': 'Denis Gordeev', 'version': '0.1'}'
INFO: 2023-10-11 08:02:31,650: _walk_modules() 'Jumble loading module in BingDownloader from /usr/lib/python3.11/site-packages/variety/plugins/builtin/downloaders/BingDownloader.py'
INFO: 2023-10-11 08:02:31,650: load() 'Jumble found plugin class: <class 'BingDownloader.BingDownloader'>: {'name': 'BingDownloader', 'description': 'Bing Photo of the Day', 'author': 'Peter Levi', 'version': '0.1'}'
INFO: 2023-10-11 08:02:31,651: _walk_modules() 'Jumble loading module in EarthviewDownloader from /usr/lib/python3.11/site-packages/variety/plugins/builtin/downloaders/EarthviewDownloader.py'
INFO: 2023-10-11 08:02:31,652: load() 'Jumble found plugin class: <class 'EarthviewDownloader.EarthviewDownloader'>: {'name': 'EarthviewDownloader', 'description': 'Google Earth View Wallpapers', 'author': 'Peter Levi', 'version': '0.1'}'
INFO: 2023-10-11 08:02:31,652: _walk_modules() 'Jumble loading module in MediaRSSDownloader from /usr/lib/python3.11/site-packages/variety/plugins/builtin/downloaders/MediaRSSDownloader.py'
INFO: 2023-10-11 08:02:31,653: _walk_modules() 'Jumble loading module in MediaRSSSource from /usr/lib/python3.11/site-packages/variety/plugins/builtin/downloaders/MediaRSSSource.py'
INFO: 2023-10-11 08:02:31,654: load() 'Jumble found plugin class: <class 'MediaRSSSource.MediaRSSSource'>: {'name': 'MediaRSSSource', 'description': 'Configurable source for fetching images from MediaRSS feeds', 'author': 'Peter Levi', 'version': '0.1'}'
INFO: 2023-10-11 08:02:31,655: _walk_modules() 'Jumble loading module in NationalGeographicDownloader from /usr/lib/python3.11/site-packages/variety/plugins/builtin/downloaders/NationalGeographicDownloader.py'
INFO: 2023-10-11 08:02:31,655: load() 'Jumble found plugin class: <class 'NationalGeographicDownloader.NationalGeographicDownloader'>: {'name': 'NationalGeographicDownloader', 'description': "National Geographic's photo of the day", 'author': 'Eric Rösch', 'version': '0.1'}'
INFO: 2023-10-11 08:02:31,655: _walk_modules() 'Jumble loading module in RedditDownloader from /usr/lib/python3.11/site-packages/variety/plugins/builtin/downloaders/RedditDownloader.py'
INFO: 2023-10-11 08:02:31,656: _walk_modules() 'Jumble loading module in RedditSource from /usr/lib/python3.11/site-packages/variety/plugins/builtin/downloaders/RedditSource.py'
INFO: 2023-10-11 08:02:31,657: load() 'Jumble found plugin class: <class 'RedditSource.RedditSource'>: {'name': 'RedditSource', 'description': 'Configurable source for fetching images from Reddit', 'author': 'Peter Levi', 'version': '0.1'}'
INFO: 2023-10-11 08:02:31,658: _walk_modules() 'Jumble loading module in UnsplashConfigurableSource from /usr/lib/python3.11/site-packages/variety/plugins/builtin/downloaders/UnsplashConfigurableSource.py'
INFO: 2023-10-11 08:02:31,659: load() 'Jumble found plugin class: <class 'UnsplashConfigurableSource.UnsplashConfigurableSource'>: {'name': 'UnsplashConfigurableSource', 'description': 'Configurable source for fetching photos from Unsplash.com', 'author': 'Peter Levi', 'version': '0.1'}'
INFO: 2023-10-11 08:02:31,660: _walk_modules() 'Jumble loading module in UnsplashDownloader from /usr/lib/python3.11/site-packages/variety/plugins/builtin/downloaders/UnsplashDownloader.py'
INFO: 2023-10-11 08:02:31,660: load() 'Jumble found plugin class: <class 'UnsplashDownloader.UnsplashDownloader'>: {'name': 'UnsplashDownloader', 'description': 'High-resolution photos from Unsplash.com', 'author': 'Peter Levi', 'version': '0.1'}'
INFO: 2023-10-11 08:02:31,661: _walk_modules() 'Jumble loading module in WallhavenDownloader from /usr/lib/python3.11/site-packages/variety/plugins/builtin/downloaders/WallhavenDownloader.py'
INFO: 2023-10-11 08:02:31,663: _walk_modules() 'Jumble loading module in WallhavenLegacyDownloader from /usr/lib/python3.11/site-packages/variety/plugins/builtin/downloaders/WallhavenLegacyDownloader.py'
INFO: 2023-10-11 08:02:31,664: _walk_modules() 'Jumble loading module in WallhavenSource from /usr/lib/python3.11/site-packages/variety/plugins/builtin/downloaders/WallhavenSource.py'
INFO: 2023-10-11 08:02:31,665: load() 'Jumble found plugin class: <class 'WallhavenSource.WallhavenSource'>: {'name': 'WallhavenSource', 'description': 'Configurable source for fetching images from Wallhaven.cc', 'author': 'Peter Levi', 'version': '0.1'}'
INFO: 2023-10-11 08:02:31,665: _walk_modules() 'Jumble loading module in __init__ from /usr/lib/python3.11/site-packages/variety/plugins/builtin/downloaders/__init__.py'
INFO: 2023-10-11 08:02:31,665: _walk_modules() 'Jumble loading module in FortuneSource from /usr/lib/python3.11/site-packages/variety/plugins/builtin/quotes/FortuneSource.py'
INFO: 2023-10-11 08:02:31,666: load() 'Jumble found plugin class: <class 'FortuneSource.FortuneSource'>: {'name': 'UNIX fortune program', 'description': 'Displays quotes using the UNIX fortune program. You may want to install additional fortune packs, e.g. fortunes-bofh-excuses.', 'author': 'Dan Jones', 'version': '0.1'}'
INFO: 2023-10-11 08:02:31,667: _walk_modules() 'Jumble loading module in GoodreadsSource from /usr/lib/python3.11/site-packages/variety/plugins/builtin/quotes/GoodreadsSource.py'
INFO: 2023-10-11 08:02:31,721: load() 'Jumble found plugin class: <class 'GoodreadsSource.GoodreadsSource'>: {'name': 'Goodreads', 'description': 'Fetches quotes from Goodreads.com', 'author': 'Peter Levi', 'version': '0.1'}'
INFO: 2023-10-11 08:02:31,722: _walk_modules() 'Jumble loading module in LocalFilesSource from /usr/lib/python3.11/site-packages/variety/plugins/builtin/quotes/LocalFilesSource.py'
INFO: 2023-10-11 08:02:31,722: load() 'Jumble found plugin class: <class 'LocalFilesSource.LocalFilesSource'>: {'name': 'Local text files', 'description': 'Displays quotes, defined in local text files.\nPut your own txt files in: ~/.config/variety/pluginconfig/quotes/.\nThe file format is:\n\nquote -- author\n.\nsecond quote -- another author\n.\netc...\n\nExample: http://rvelthuis.de/zips/quotes.txt', 'author': 'Peter Levi', 'version': '0.1'}'
INFO: 2023-10-11 08:02:31,723: _walk_modules() 'Jumble loading module in QuotationsPageSource from /usr/lib/python3.11/site-packages/variety/plugins/builtin/quotes/QuotationsPageSource.py'
INFO: 2023-10-11 08:02:31,723: load() 'Jumble found plugin class: <class 'QuotationsPageSource.QuotationsPageSource'>: {'name': 'TheQuotationsPage.com', 'description': 'Fetches quotes from TheQuotationsPage.com', 'author': 'Peter Levi', 'version': '0.1'}'
INFO: 2023-10-11 08:02:31,724: _walk_modules() 'Jumble loading module in UrbanDictionarySource from /usr/lib/python3.11/site-packages/variety/plugins/builtin/quotes/UrbanDictionarySource.py'
INFO: 2023-10-11 08:02:31,724: load() 'Jumble found plugin class: <class 'UrbanDictionarySource.UrbanDictionarySource'>: {'name': 'Urban Dictionary', 'description': 'Displays definitions from Urban Dictionary', 'author': 'James Miller', 'version': '0.1'}'
INFO: 2023-10-11 08:02:31,724: _walk_modules() 'Jumble loading module in __init__ from /usr/lib/python3.11/site-packages/variety/plugins/builtin/quotes/__init__.py'
ERROR: 2023-10-11 08:02:31,725: get_xdg_pictures_folder() 'Could not get path to Pictures folder. Defaulting to ~/Pictures.'
Traceback (most recent call last):
  File "/usr/lib/python3.11/site-packages/variety/Util.py", line 815, in get_xdg_pictures_folder
    raise Exception("Could not get path to Pictures folder. Defaulting to ~/Pictures.")
Exception: Could not get path to Pictures folder. Defaulting to ~/Pictures.
ERROR: 2023-10-11 08:02:31,727: get_xdg_pictures_folder() 'Could not get path to Pictures folder. Defaulting to ~/Pictures.'
Traceback (most recent call last):
  File "/usr/lib/python3.11/site-packages/variety/Util.py", line 815, in get_xdg_pictures_folder
    raise Exception("Could not get path to Pictures folder. Defaulting to ~/Pictures.")
Exception: Could not get path to Pictures folder. Defaulting to ~/Pictures.
INFO: 2023-10-11 08:02:31,737: log_options() 'Loaded options:'
INFO: 2023-10-11 08:02:31,738: log_options() 'change_enabled = True'
INFO: 2023-10-11 08:02:31,738: log_options() 'change_interval = 3600'
INFO: 2023-10-11 08:02:31,738: log_options() 'change_on_start = False'
INFO: 2023-10-11 08:02:31,738: log_options() 'clipboard_enabled = False'
INFO: 2023-10-11 08:02:31,738: log_options() 'clipboard_hosts = ['wallhaven.cc', 'wallpapers.net', 'flickr.com', 'imgur.com', 'deviantart.com', 'interfacelift.com', 'vladstudio.com', 'imageshack.us', 'deviantart.net', 'imageshack.com']'
INFO: 2023-10-11 08:02:31,738: log_options() 'clipboard_use_whitelist = True'
INFO: 2023-10-11 08:02:31,738: log_options() 'clock_date_font = JetBrains Mono Bold 30'
INFO: 2023-10-11 08:02:31,738: log_options() 'clock_enabled = True'
INFO: 2023-10-11 08:02:31,738: log_options() 'clock_filter = -density 100 -font `fc-match -f '%{file[0]}' '%CLOCK_FONT_NAME'` -pointsize %CLOCK_FONT_SIZE -gravity SouthEast -fill '#00000044' -annotate 0x0+[%HOFFSET+58]+[%VOFFSET+108] '%H:%M' -fill white -annotate 0x0+[%HOFFSET+60]+[%VOFFSET+110] '%H:%M' -font `fc-match -f '%{file[0]}' '%DATE_FONT_NAME'` -pointsize %DATE_FONT_SIZE -fill '#00000044' -annotate 0x0+[%HOFFSET+58]+[%VOFFSET+58] '%A, %B %d' -fill white -annotate 0x0+[%HOFFSET+60]+[%VOFFSET+60] '%A, %B %d''
INFO: 2023-10-11 08:02:31,738: log_options() 'clock_font = JetBrains Mono Bold 70'
INFO: 2023-10-11 08:02:31,738: log_options() 'configfile = /home/subhashis/.config/variety/variety.conf'
INFO: 2023-10-11 08:02:31,738: log_options() 'copyto_enabled = False'
INFO: 2023-10-11 08:02:31,738: log_options() 'copyto_folder = Default'
INFO: 2023-10-11 08:02:31,738: log_options() 'desired_color = [160, 160, 160]'
INFO: 2023-10-11 08:02:31,738: log_options() 'desired_color_enabled = False'
INFO: 2023-10-11 08:02:31,738: log_options() 'download_folder = /home/subhashis/.config/variety/Downloaded'
INFO: 2023-10-11 08:02:31,738: log_options() 'download_preference_ratio = 0.9'
INFO: 2023-10-11 08:02:31,738: log_options() 'favorites_folder = /home/subhashis/.config/variety/Favorites'
INFO: 2023-10-11 08:02:31,738: log_options() 'favorites_operations = [['Downloaded', 'Copy'], ['Fetched', 'Move'], ['Others', 'Copy']]'
INFO: 2023-10-11 08:02:31,738: log_options() 'fetched_folder = /home/subhashis/.config/variety/Fetched'
INFO: 2023-10-11 08:02:31,738: log_options() 'filters = [[False, 'Keep original', ''], [False, 'Grayscale', '-type Grayscale'], [False, 'Heavy blur', '-scale 20% -blur 0x10 -resize 500%'], [False, 'Soft blur', '-scale 20% -blur 0x2 -resize 500%'], [False, 'Oil painting', '-paint 8'], [False, 'Pointilism', '-spread 10 -noise 3'], [False, 'Pixellate', '-scale 3% -scale 3333%']]'
INFO: 2023-10-11 08:02:31,738: log_options() 'get_wallpaper_script = /home/subhashis/.config/variety/scripts/get_wallpaper'
INFO: 2023-10-11 08:02:31,739: log_options() 'icon = Light'
INFO: 2023-10-11 08:02:31,739: log_options() 'internet_enabled = False'
INFO: 2023-10-11 08:02:31,739: log_options() 'lightness_enabled = False'
INFO: 2023-10-11 08:02:31,739: log_options() 'lightness_mode = 0'
INFO: 2023-10-11 08:02:31,739: log_options() 'min_rating = 4'
INFO: 2023-10-11 08:02:31,739: log_options() 'min_rating_enabled = False'
INFO: 2023-10-11 08:02:31,739: log_options() 'min_size = 80'
INFO: 2023-10-11 08:02:31,739: log_options() 'min_size_enabled = False'
INFO: 2023-10-11 08:02:31,739: log_options() 'quota_enabled = True'
INFO: 2023-10-11 08:02:31,739: log_options() 'quota_size = 1000'
INFO: 2023-10-11 08:02:31,739: log_options() 'quotes_authors = '
INFO: 2023-10-11 08:02:31,739: log_options() 'quotes_bg_color = [80, 80, 80]'
INFO: 2023-10-11 08:02:31,739: log_options() 'quotes_bg_opacity = 55'
INFO: 2023-10-11 08:02:31,739: log_options() 'quotes_change_enabled = False'
INFO: 2023-10-11 08:02:31,739: log_options() 'quotes_change_interval = 300'
INFO: 2023-10-11 08:02:31,739: log_options() 'quotes_disabled_sources = ['Urban Dictionary']'
INFO: 2023-10-11 08:02:31,739: log_options() 'quotes_enabled = False'
INFO: 2023-10-11 08:02:31,739: log_options() 'quotes_favorites_file = /home/subhashis/.config/variety/favorite_quotes.txt'
INFO: 2023-10-11 08:02:31,739: log_options() 'quotes_font = Serif 30'
INFO: 2023-10-11 08:02:31,739: log_options() 'quotes_hpos = 100'
INFO: 2023-10-11 08:02:31,739: log_options() 'quotes_max_length = 250'
INFO: 2023-10-11 08:02:31,739: log_options() 'quotes_tags = '
INFO: 2023-10-11 08:02:31,739: log_options() 'quotes_text_color = [255, 255, 255]'
INFO: 2023-10-11 08:02:31,739: log_options() 'quotes_text_shadow = False'
INFO: 2023-10-11 08:02:31,739: log_options() 'quotes_vpos = 40'
INFO: 2023-10-11 08:02:31,739: log_options() 'quotes_width = 70'
INFO: 2023-10-11 08:02:31,739: log_options() 'safe_mode = False'
INFO: 2023-10-11 08:02:31,739: log_options() 'set_wallpaper_script = /home/subhashis/.config/variety/scripts/set_wallpaper'
INFO: 2023-10-11 08:02:31,740: log_options() 'slideshow_custom_enabled = False'
INFO: 2023-10-11 08:02:31,740: log_options() 'slideshow_custom_folder = /home/subhashis/Pictures'
INFO: 2023-10-11 08:02:31,740: log_options() 'slideshow_downloads_enabled = False'
INFO: 2023-10-11 08:02:31,740: log_options() 'slideshow_fade = 0.4'
INFO: 2023-10-11 08:02:31,740: log_options() 'slideshow_favorites_enabled = True'
INFO: 2023-10-11 08:02:31,740: log_options() 'slideshow_mode = Fullscreen'
INFO: 2023-10-11 08:02:31,740: log_options() 'slideshow_monitor = All'
INFO: 2023-10-11 08:02:31,740: log_options() 'slideshow_pan = 0.05'
INFO: 2023-10-11 08:02:31,740: log_options() 'slideshow_seconds = 6.0'
INFO: 2023-10-11 08:02:31,740: log_options() 'slideshow_sort_order = Random'
INFO: 2023-10-11 08:02:31,740: log_options() 'slideshow_sources_enabled = True'
INFO: 2023-10-11 08:02:31,740: log_options() 'slideshow_zoom = 0.2'
INFO: 2023-10-11 08:02:31,740: log_options() 'smart_enabled = False'
INFO: 2023-10-11 08:02:31,740: log_options() 'smart_notice_shown = False'
INFO: 2023-10-11 08:02:31,740: log_options() 'smart_register_shown = False'
INFO: 2023-10-11 08:02:31,740: log_options() 'sources = [[True, 'favorites', 'The Favorites folder'], [True, 'fetched', 'The Fetched folder'], [True, 'folder', '/usr/share/backgrounds'], [False, 'flickr', 'user:www.flickr.com/photos/peter-levi/;user_id:93647178@N00;'], [False, 'apod', "NASA's Astronomy Picture of the Day"], [False, 'bing', 'Bing Photo of the Day'], [False, 'earthview', 'Google Earth View Wallpapers'], [False, 'natgeo', "National Geographic's photo of the day"], [False, 'unsplash', 'High-resolution photos from Unsplash.com'], [True, 'folder', '/home/subhashis/Pictures/Walls']]'
INFO: 2023-10-11 08:02:31,740: log_options() 'stats_enabled = True'
INFO: 2023-10-11 08:02:31,740: log_options() 'stats_notice_shown = False'
INFO: 2023-10-11 08:02:31,740: log_options() 'sync_enabled = True'
INFO: 2023-10-11 08:02:31,740: log_options() 'use_landscape_enabled = True'
INFO: 2023-10-11 08:02:31,740: log_options() 'wallhaven_api_key = '
INFO: 2023-10-11 08:02:31,740: log_options() 'wallpaper_auto_rotate = False'
INFO: 2023-10-11 08:02:31,740: log_options() 'wallpaper_display_mode = os'
INFO: 2023-10-11 08:02:31,740: reload_config() 'No need to clear prepared queue'
INFO: 2023-10-11 08:02:31,741: clock_thread_method() 'clock thread running'
INFO: 2023-10-11 08:02:31,741: update_indicator() 'Setting file info to: /home/subhashis/Pictures/Walls/Zoro.jpg'
INFO: 2023-10-11 08:02:31,743: load_banned() 'Missing or invalid banned URLs list, no URLs will be banned'
INFO: 2023-10-11 08:02:31,743: load_last_change_time() 'Change interval < 6 hours, ignore persisted last_change_time, wait initially the whole interval: 3600'
INFO: 2023-10-11 08:02:31,743: update_indicator() 'Setting file info to: /home/subhashis/Pictures/Walls/Zoro.jpg'
INFO: 2023-10-11 08:02:31,743: regular_change_thread() 'regular_change thread running'
INFO: 2023-10-11 08:02:31,744: prepare_thread() 'Prepare thread running'
INFO: 2023-10-11 08:02:31,744: prepare_thread() 'Prepared buffer contains 0 images'
INFO: 2023-10-11 08:02:31,744: prepare_thread() 'Preparing some images'
INFO: 2023-10-11 08:02:31,766: prepare_thread() 'After search prepared buffer contains 30 images'
INFO: 2023-10-11 08:02:31,787: update_indicator_icon() 'Creating indicator'
WARNING: 2023-10-11 08:02:31,793: create_menu() 'Variety Slideshow is not installed. This is an optional extension adding pan-and-zoom slideshows to Variety: see https://github.com/peterlevi/variety-slideshow for details'
INFO: 2023-10-11 08:02:31,794: create_indicator() 'indicator backend: AppIndicator3'
INFO: 2023-10-11 08:02:31,802: set_from_theme_icon() 'Showing indicator icon variety-indicator from GTK theme'
INFO: 2023-10-11 08:02:31,843: do_set_wp() 'Calling do_set_wp with /home/subhashis/Pictures/Walls/Zoro.jpg, time: 1696991551.8435154'
INFO: 2023-10-11 08:02:31,847: compute_trimmed_offsets() 'Trimmed offsets debug info: w:1920, h:1080, ratio:1.777778, iw:4000, ih:2240, scw:1928, sch:1080, ho:4, vo:0'
INFO: 2023-10-11 08:02:31,847: build_imagemagick_clock_cmd() 'Applying clock filter: -density 100 -font `fc-match -f '%{file[0]}' 'JetBrains Mono:Bold:70'` -pointsize 70 -gravity SouthEast -fill '#00000044' -annotate 0x0+62+108 '08:02' -fill white -annotate 0x0+64+110 '08:02' -font `fc-match -f '%{file[0]}' 'JetBrains Mono:Bold:30'` -pointsize 30 -fill '#00000044' -annotate 0x0+62+58 'Wednesday, October 11' -fill white -annotate 0x0+64+60 'Wednesday, October 11''
INFO: 2023-10-11 08:02:31,847: build_imagemagick_clock_cmd() 'ImageMagick clock cmd: convert /home/subhashis/Pictures/Walls/Zoro.jpg -scale 1920x1080^ -density 100 -font `fc-match -f '%{file[0]}' 'JetBrains Mono:Bold:70'` -pointsize 70 -gravity SouthEast -fill '#00000044' -annotate 0x0+62+108 '08:02' -fill white -annotate 0x0+64+110 '08:02' -font `fc-match -f '%{file[0]}' 'JetBrains Mono:Bold:30'` -pointsize 30 -fill '#00000044' -annotate 0x0+62+58 'Wednesday, October 11' -fill white -annotate 0x0+64+60 'Wednesday, October 11' /home/subhashis/.config/variety/wallpaper/wallpaper-clock-50d8f8b0c15fb1c257b6eb386ec648c6.jpg'
INFO: 2023-10-11 08:02:32,337: update_indicator() 'Setting file info to: /home/subhashis/Pictures/Walls/Zoro.jpg'
INFO: 2023-10-11 08:02:32,338: list_files() 'More than 1 files in the folders, stop listing'
INFO: 2023-10-11 08:02:32,741: clock_thread_method() 'clock_thread updates wallpaper'
INFO: 2023-10-11 08:02:32,843: do_set_wp() 'Calling do_set_wp with /home/subhashis/Pictures/Walls/Zoro.jpg, time: 1696991552.8437564'
INFO: 2023-10-11 08:02:32,844: compute_trimmed_offsets() 'Trimmed offsets debug info: w:1920, h:1080, ratio:1.777778, iw:4000, ih:2240, scw:1928, sch:1080, ho:4, vo:0'
INFO: 2023-10-11 08:02:32,844: build_imagemagick_clock_cmd() 'Applying clock filter: -density 100 -font `fc-match -f '%{file[0]}' 'JetBrains Mono:Bold:70'` -pointsize 70 -gravity SouthEast -fill '#00000044' -annotate 0x0+62+108 '08:02' -fill white -annotate 0x0+64+110 '08:02' -font `fc-match -f '%{file[0]}' 'JetBrains Mono:Bold:30'` -pointsize 30 -fill '#00000044' -annotate 0x0+62+58 'Wednesday, October 11' -fill white -annotate 0x0+64+60 'Wednesday, October 11''
INFO: 2023-10-11 08:02:32,844: build_imagemagick_clock_cmd() 'ImageMagick clock cmd: convert /home/subhashis/Pictures/Walls/Zoro.jpg -scale 1920x1080^ -density 100 -font `fc-match -f '%{file[0]}' 'JetBrains Mono:Bold:70'` -pointsize 70 -gravity SouthEast -fill '#00000044' -annotate 0x0+62+108 '08:02' -fill white -annotate 0x0+64+110 '08:02' -font `fc-match -f '%{file[0]}' 'JetBrains Mono:Bold:30'` -pointsize 30 -fill '#00000044' -annotate 0x0+62+58 'Wednesday, October 11' -fill white -annotate 0x0+64+60 'Wednesday, October 11' /home/subhashis/.config/variety/wallpaper/wallpaper-clock-ea60d8858bf6d0907fbbbdc1e9d3643c.jpg'
INFO: 2023-10-11 08:02:33,165: reload() 'Reloading preferences dialog'
ERROR: 2023-10-11 08:02:33,165: get_xdg_pictures_folder() 'Could not get path to Pictures folder. Defaulting to ~/Pictures.'
Traceback (most recent call last):
  File "/usr/lib/python3.11/site-packages/variety/Util.py", line 815, in get_xdg_pictures_folder
    raise Exception("Could not get path to Pictures folder. Defaulting to ~/Pictures.")
Exception: Could not get path to Pictures folder. Defaulting to ~/Pictures.
ERROR: 2023-10-11 08:02:33,166: get_xdg_pictures_folder() 'Could not get path to Pictures folder. Defaulting to ~/Pictures.'
Traceback (most recent call last):
  File "/usr/lib/python3.11/site-packages/variety/Util.py", line 815, in get_xdg_pictures_folder
    raise Exception("Could not get path to Pictures folder. Defaulting to ~/Pictures.")
Exception: Could not get path to Pictures folder. Defaulting to ~/Pictures.
ERROR: 2023-10-11 08:02:33,171: get_xdg_pictures_folder() 'Could not get path to Pictures folder. Defaulting to ~/Pictures.'
Traceback (most recent call last):
  File "/usr/lib/python3.11/site-packages/variety/Util.py", line 815, in get_xdg_pictures_folder
    raise Exception("Could not get path to Pictures folder. Defaulting to ~/Pictures.")
Exception: Could not get path to Pictures folder. Defaulting to ~/Pictures.
INFO: 2023-10-11 08:02:33,328: update_indicator() 'Setting file info to: /home/subhashis/Pictures/Walls/Zoro.jpg'
INFO: 2023-10-11 08:02:33,329: list_files() 'More than 1 files in the folders, stop listing'
INFO: 2023-10-11 08:02:33,767: trigger_download() 'Triggering download thread to check if download needed and possible'
INFO: 2023-10-11 08:03:00,745: clock_thread_method() 'clock_thread updates wallpaper'
INFO: 2023-10-11 08:03:00,746: do_set_wp() 'Calling do_set_wp with /home/subhashis/Pictures/Walls/Zoro.jpg, time: 1696991580.7461443'
INFO: 2023-10-11 08:03:00,746: compute_trimmed_offsets() 'Trimmed offsets debug info: w:1920, h:1080, ratio:1.777778, iw:4000, ih:2240, scw:1928, sch:1080, ho:4, vo:0'
INFO: 2023-10-11 08:03:00,746: build_imagemagick_clock_cmd() 'Applying clock filter: -density 100 -font `fc-match -f '%{file[0]}' 'JetBrains Mono:Bold:70'` -pointsize 70 -gravity SouthEast -fill '#00000044' -annotate 0x0+62+108 '08:03' -fill white -annotate 0x0+64+110 '08:03' -font `fc-match -f '%{file[0]}' 'JetBrains Mono:Bold:30'` -pointsize 30 -fill '#00000044' -annotate 0x0+62+58 'Wednesday, October 11' -fill white -annotate 0x0+64+60 'Wednesday, October 11''
INFO: 2023-10-11 08:03:00,746: build_imagemagick_clock_cmd() 'ImageMagick clock cmd: convert /home/subhashis/Pictures/Walls/Zoro.jpg -scale 1920x1080^ -density 100 -font `fc-match -f '%{file[0]}' 'JetBrains Mono:Bold:70'` -pointsize 70 -gravity SouthEast -fill '#00000044' -annotate 0x0+62+108 '08:03' -fill white -annotate 0x0+64+110 '08:03' -font `fc-match -f '%{file[0]}' 'JetBrains Mono:Bold:30'` -pointsize 30 -fill '#00000044' -annotate 0x0+62+58 'Wednesday, October 11' -fill white -annotate 0x0+64+60 'Wednesday, October 11' /home/subhashis/.config/variety/wallpaper/wallpaper-clock-a7773710596ccf9e0ea310d9bb57d9ec.jpg'
INFO: 2023-10-11 08:03:01,264: update_indicator() 'Setting file info to: /home/subhashis/Pictures/Walls/Zoro.jpg'
INFO: 2023-10-11 08:03:01,265: list_files() 'More than 1 files in the folders, stop listing'
INFO: 2023-10-11 08:04:00,755: clock_thread_method() 'clock_thread updates wallpaper'
INFO: 2023-10-11 08:04:00,756: do_set_wp() 'Calling do_set_wp with /home/subhashis/Pictures/Walls/Zoro.jpg, time: 1696991640.7561634'
INFO: 2023-10-11 08:04:00,756: compute_trimmed_offsets() 'Trimmed offsets debug info: w:1920, h:1080, ratio:1.777778, iw:4000, ih:2240, scw:1928, sch:1080, ho:4, vo:0'
INFO: 2023-10-11 08:04:00,757: build_imagemagick_clock_cmd() 'Applying clock filter: -density 100 -font `fc-match -f '%{file[0]}' 'JetBrains Mono:Bold:70'` -pointsize 70 -gravity SouthEast -fill '#00000044' -annotate 0x0+62+108 '08:04' -fill white -annotate 0x0+64+110 '08:04' -font `fc-match -f '%{file[0]}' 'JetBrains Mono:Bold:30'` -pointsize 30 -fill '#00000044' -annotate 0x0+62+58 'Wednesday, October 11' -fill white -annotate 0x0+64+60 'Wednesday, October 11''
INFO: 2023-10-11 08:04:00,757: build_imagemagick_clock_cmd() 'ImageMagick clock cmd: convert /home/subhashis/Pictures/Walls/Zoro.jpg -scale 1920x1080^ -density 100 -font `fc-match -f '%{file[0]}' 'JetBrains Mono:Bold:70'` -pointsize 70 -gravity SouthEast -fill '#00000044' -annotate 0x0+62+108 '08:04' -fill white -annotate 0x0+64+110 '08:04' -font `fc-match -f '%{file[0]}' 'JetBrains Mono:Bold:30'` -pointsize 30 -fill '#00000044' -annotate 0x0+62+58 'Wednesday, October 11' -fill white -annotate 0x0+64+60 'Wednesday, October 11' /home/subhashis/.config/variety/wallpaper/wallpaper-clock-255f6071849b428e46f2355e1b977e00.jpg'
INFO: 2023-10-11 08:04:01,265: update_indicator() 'Setting file info to: /home/subhashis/Pictures/Walls/Zoro.jpg'
INFO: 2023-10-11 08:04:01,266: list_files() 'More than 1 files in the folders, stop listing'
INFO: 2023-10-11 08:05:00,765: clock_thread_method() 'clock_thread updates wallpaper'
INFO: 2023-10-11 08:05:00,766: do_set_wp() 'Calling do_set_wp with /home/subhashis/Pictures/Walls/Zoro.jpg, time: 1696991700.7663896'
INFO: 2023-10-11 08:05:00,767: compute_trimmed_offsets() 'Trimmed offsets debug info: w:1920, h:1080, ratio:1.777778, iw:4000, ih:2240, scw:1928, sch:1080, ho:4, vo:0'
INFO: 2023-10-11 08:05:00,767: build_imagemagick_clock_cmd() 'Applying clock filter: -density 100 -font `fc-match -f '%{file[0]}' 'JetBrains Mono:Bold:70'` -pointsize 70 -gravity SouthEast -fill '#00000044' -annotate 0x0+62+108 '08:05' -fill white -annotate 0x0+64+110 '08:05' -font `fc-match -f '%{file[0]}' 'JetBrains Mono:Bold:30'` -pointsize 30 -fill '#00000044' -annotate 0x0+62+58 'Wednesday, October 11' -fill white -annotate 0x0+64+60 'Wednesday, October 11''
INFO: 2023-10-11 08:05:00,767: build_imagemagick_clock_cmd() 'ImageMagick clock cmd: convert /home/subhashis/Pictures/Walls/Zoro.jpg -scale 1920x1080^ -density 100 -font `fc-match -f '%{file[0]}' 'JetBrains Mono:Bold:70'` -pointsize 70 -gravity SouthEast -fill '#00000044' -annotate 0x0+62+108 '08:05' -fill white -annotate 0x0+64+110 '08:05' -font `fc-match -f '%{file[0]}' 'JetBrains Mono:Bold:30'` -pointsize 30 -fill '#00000044' -annotate 0x0+62+58 'Wednesday, October 11' -fill white -annotate 0x0+64+60 'Wednesday, October 11' /home/subhashis/.config/variety/wallpaper/wallpaper-clock-e57fa65173159bdf7d08867316f8f10f.jpg'
INFO: 2023-10-11 08:05:01,260: update_indicator() 'Setting file info to: /home/subhashis/Pictures/Walls/Zoro.jpg'
INFO: 2023-10-11 08:05:01,261: list_files() 'More than 1 files in the folders, stop listing'
INFO: 2023-10-11 08:06:00,776: clock_thread_method() 'clock_thread updates wallpaper'
INFO: 2023-10-11 08:06:00,776: do_set_wp() 'Calling do_set_wp with /home/subhashis/Pictures/Walls/Zoro.jpg, time: 1696991760.7765117'
INFO: 2023-10-11 08:06:00,777: compute_trimmed_offsets() 'Trimmed offsets debug info: w:1920, h:1080, ratio:1.777778, iw:4000, ih:2240, scw:1928, sch:1080, ho:4, vo:0'
INFO: 2023-10-11 08:06:00,777: build_imagemagick_clock_cmd() 'Applying clock filter: -density 100 -font `fc-match -f '%{file[0]}' 'JetBrains Mono:Bold:70'` -pointsize 70 -gravity SouthEast -fill '#00000044' -annotate 0x0+62+108 '08:06' -fill white -annotate 0x0+64+110 '08:06' -font `fc-match -f '%{file[0]}' 'JetBrains Mono:Bold:30'` -pointsize 30 -fill '#00000044' -annotate 0x0+62+58 'Wednesday, October 11' -fill white -annotate 0x0+64+60 'Wednesday, October 11''
INFO: 2023-10-11 08:06:00,777: build_imagemagick_clock_cmd() 'ImageMagick clock cmd: convert /home/subhashis/Pictures/Walls/Zoro.jpg -scale 1920x1080^ -density 100 -font `fc-match -f '%{file[0]}' 'JetBrains Mono:Bold:70'` -pointsize 70 -gravity SouthEast -fill '#00000044' -annotate 0x0+62+108 '08:06' -fill white -annotate 0x0+64+110 '08:06' -font `fc-match -f '%{file[0]}' 'JetBrains Mono:Bold:30'` -pointsize 30 -fill '#00000044' -annotate 0x0+62+58 'Wednesday, October 11' -fill white -annotate 0x0+64+60 'Wednesday, October 11' /home/subhashis/.config/variety/wallpaper/wallpaper-clock-5f4209ae91517688befbbc8d5924c7fa.jpg'
INFO: 2023-10-11 08:06:01,240: update_indicator() 'Setting file info to: /home/subhashis/Pictures/Walls/Zoro.jpg'
INFO: 2023-10-11 08:06:01,240: list_files() 'More than 1 files in the folders, stop listing'
INFO: 2023-10-11 08:07:00,785: clock_thread_method() 'clock_thread updates wallpaper'
INFO: 2023-10-11 08:07:00,786: do_set_wp() 'Calling do_set_wp with /home/subhashis/Pictures/Walls/Zoro.jpg, time: 1696991820.7860963'
INFO: 2023-10-11 08:07:00,786: compute_trimmed_offsets() 'Trimmed offsets debug info: w:1920, h:1080, ratio:1.777778, iw:4000, ih:2240, scw:1928, sch:1080, ho:4, vo:0'
INFO: 2023-10-11 08:07:00,786: build_imagemagick_clock_cmd() 'Applying clock filter: -density 100 -font `fc-match -f '%{file[0]}' 'JetBrains Mono:Bold:70'` -pointsize 70 -gravity SouthEast -fill '#00000044' -annotate 0x0+62+108 '08:07' -fill white -annotate 0x0+64+110 '08:07' -font `fc-match -f '%{file[0]}' 'JetBrains Mono:Bold:30'` -pointsize 30 -fill '#00000044' -annotate 0x0+62+58 'Wednesday, October 11' -fill white -annotate 0x0+64+60 'Wednesday, October 11''
INFO: 2023-10-11 08:07:00,786: build_imagemagick_clock_cmd() 'ImageMagick clock cmd: convert /home/subhashis/Pictures/Walls/Zoro.jpg -scale 1920x1080^ -density 100 -font `fc-match -f '%{file[0]}' 'JetBrains Mono:Bold:70'` -pointsize 70 -gravity SouthEast -fill '#00000044' -annotate 0x0+62+108 '08:07' -fill white -annotate 0x0+64+110 '08:07' -font `fc-match -f '%{file[0]}' 'JetBrains Mono:Bold:30'` -pointsize 30 -fill '#00000044' -annotate 0x0+62+58 'Wednesday, October 11' -fill white -annotate 0x0+64+60 'Wednesday, October 11' /home/subhashis/.config/variety/wallpaper/wallpaper-clock-1d83a2625e06f6f84ab7c45b407a0047.jpg'
INFO: 2023-10-11 08:07:01,252: update_indicator() 'Setting file info to: /home/subhashis/Pictures/Walls/Zoro.jpg'
INFO: 2023-10-11 08:07:01,253: list_files() 'More than 1 files in the folders, stop listing'
INFO: 2023-10-11 08:08:00,795: clock_thread_method() 'clock_thread updates wallpaper'
INFO: 2023-10-11 08:08:00,796: do_set_wp() 'Calling do_set_wp with /home/subhashis/Pictures/Walls/Zoro.jpg, time: 1696991880.7959993'
INFO: 2023-10-11 08:08:00,796: compute_trimmed_offsets() 'Trimmed offsets debug info: w:1920, h:1080, ratio:1.777778, iw:4000, ih:2240, scw:1928, sch:1080, ho:4, vo:0'
INFO: 2023-10-11 08:08:00,796: build_imagemagick_clock_cmd() 'Applying clock filter: -density 100 -font `fc-match -f '%{file[0]}' 'JetBrains Mono:Bold:70'` -pointsize 70 -gravity SouthEast -fill '#00000044' -annotate 0x0+62+108 '08:08' -fill white -annotate 0x0+64+110 '08:08' -font `fc-match -f '%{file[0]}' 'JetBrains Mono:Bold:30'` -pointsize 30 -fill '#00000044' -annotate 0x0+62+58 'Wednesday, October 11' -fill white -annotate 0x0+64+60 'Wednesday, October 11''
INFO: 2023-10-11 08:08:00,796: build_imagemagick_clock_cmd() 'ImageMagick clock cmd: convert /home/subhashis/Pictures/Walls/Zoro.jpg -scale 1920x1080^ -density 100 -font `fc-match -f '%{file[0]}' 'JetBrains Mono:Bold:70'` -pointsize 70 -gravity SouthEast -fill '#00000044' -annotate 0x0+62+108 '08:08' -fill white -annotate 0x0+64+110 '08:08' -font `fc-match -f '%{file[0]}' 'JetBrains Mono:Bold:30'` -pointsize 30 -fill '#00000044' -annotate 0x0+62+58 'Wednesday, October 11' -fill white -annotate 0x0+64+60 'Wednesday, October 11' /home/subhashis/.config/variety/wallpaper/wallpaper-clock-7487c808d6b8a2e423eaee059ec21a26.jpg'
INFO: 2023-10-11 08:08:01,290: update_indicator() 'Setting file info to: /home/subhashis/Pictures/Walls/Zoro.jpg'
INFO: 2023-10-11 08:08:01,291: list_files() 'More than 1 files in the folders, stop listing'
INFO: 2023-10-11 08:09:00,804: clock_thread_method() 'clock_thread updates wallpaper'
INFO: 2023-10-11 08:09:00,805: do_set_wp() 'Calling do_set_wp with /home/subhashis/Pictures/Walls/Zoro.jpg, time: 1696991940.8052878'
INFO: 2023-10-11 08:09:00,805: compute_trimmed_offsets() 'Trimmed offsets debug info: w:1920, h:1080, ratio:1.777778, iw:4000, ih:2240, scw:1928, sch:1080, ho:4, vo:0'
INFO: 2023-10-11 08:09:00,805: build_imagemagick_clock_cmd() 'Applying clock filter: -density 100 -font `fc-match -f '%{file[0]}' 'JetBrains Mono:Bold:70'` -pointsize 70 -gravity SouthEast -fill '#00000044' -annotate 0x0+62+108 '08:09' -fill white -annotate 0x0+64+110 '08:09' -font `fc-match -f '%{file[0]}' 'JetBrains Mono:Bold:30'` -pointsize 30 -fill '#00000044' -annotate 0x0+62+58 'Wednesday, October 11' -fill white -annotate 0x0+64+60 'Wednesday, October 11''
INFO: 2023-10-11 08:09:00,806: build_imagemagick_clock_cmd() 'ImageMagick clock cmd: convert /home/subhashis/Pictures/Walls/Zoro.jpg -scale 1920x1080^ -density 100 -font `fc-match -f '%{file[0]}' 'JetBrains Mono:Bold:70'` -pointsize 70 -gravity SouthEast -fill '#00000044' -annotate 0x0+62+108 '08:09' -fill white -annotate 0x0+64+110 '08:09' -font `fc-match -f '%{file[0]}' 'JetBrains Mono:Bold:30'` -pointsize 30 -fill '#00000044' -annotate 0x0+62+58 'Wednesday, October 11' -fill white -annotate 0x0+64+60 'Wednesday, October 11' /home/subhashis/.config/variety/wallpaper/wallpaper-clock-8306fb3f633ccc95d13f9b37f1441e87.jpg'
INFO: 2023-10-11 08:09:01,270: update_indicator() 'Setting file info to: /home/subhashis/Pictures/Walls/Zoro.jpg'
INFO: 2023-10-11 08:09:01,271: list_files() 'More than 1 files in the folders, stop listing'
INFO: 2023-10-11 08:10:00,814: clock_thread_method() 'clock_thread updates wallpaper'
INFO: 2023-10-11 08:10:00,814: do_set_wp() 'Calling do_set_wp with /home/subhashis/Pictures/Walls/Zoro.jpg, time: 1696992000.8148205'
INFO: 2023-10-11 08:10:00,815: compute_trimmed_offsets() 'Trimmed offsets debug info: w:1920, h:1080, ratio:1.777778, iw:4000, ih:2240, scw:1928, sch:1080, ho:4, vo:0'
INFO: 2023-10-11 08:10:00,815: build_imagemagick_clock_cmd() 'Applying clock filter: -density 100 -font `fc-match -f '%{file[0]}' 'JetBrains Mono:Bold:70'` -pointsize 70 -gravity SouthEast -fill '#00000044' -annotate 0x0+62+108 '08:10' -fill white -annotate 0x0+64+110 '08:10' -font `fc-match -f '%{file[0]}' 'JetBrains Mono:Bold:30'` -pointsize 30 -fill '#00000044' -annotate 0x0+62+58 'Wednesday, October 11' -fill white -annotate 0x0+64+60 'Wednesday, October 11''
INFO: 2023-10-11 08:10:00,815: build_imagemagick_clock_cmd() 'ImageMagick clock cmd: convert /home/subhashis/Pictures/Walls/Zoro.jpg -scale 1920x1080^ -density 100 -font `fc-match -f '%{file[0]}' 'JetBrains Mono:Bold:70'` -pointsize 70 -gravity SouthEast -fill '#00000044' -annotate 0x0+62+108 '08:10' -fill white -annotate 0x0+64+110 '08:10' -font `fc-match -f '%{file[0]}' 'JetBrains Mono:Bold:30'` -pointsize 30 -fill '#00000044' -annotate 0x0+62+58 'Wednesday, October 11' -fill white -annotate 0x0+64+60 'Wednesday, October 11' /home/subhashis/.config/variety/wallpaper/wallpaper-clock-06c44c75ad7094b29a033d55f0760153.jpg'
INFO: 2023-10-11 08:10:01,279: update_indicator() 'Setting file info to: /home/subhashis/Pictures/Walls/Zoro.jpg'
INFO: 2023-10-11 08:10:01,279: list_files() 'More than 1 files in the folders, stop listing'
INFO: 2023-10-11 08:11:00,824: clock_thread_method() 'clock_thread updates wallpaper'
INFO: 2023-10-11 08:11:00,824: do_set_wp() 'Calling do_set_wp with /home/subhashis/Pictures/Walls/Zoro.jpg, time: 1696992060.8245082'
INFO: 2023-10-11 08:11:00,825: compute_trimmed_offsets() 'Trimmed offsets debug info: w:1920, h:1080, ratio:1.777778, iw:4000, ih:2240, scw:1928, sch:1080, ho:4, vo:0'
INFO: 2023-10-11 08:11:00,825: build_imagemagick_clock_cmd() 'Applying clock filter: -density 100 -font `fc-match -f '%{file[0]}' 'JetBrains Mono:Bold:70'` -pointsize 70 -gravity SouthEast -fill '#00000044' -annotate 0x0+62+108 '08:11' -fill white -annotate 0x0+64+110 '08:11' -font `fc-match -f '%{file[0]}' 'JetBrains Mono:Bold:30'` -pointsize 30 -fill '#00000044' -annotate 0x0+62+58 'Wednesday, October 11' -fill white -annotate 0x0+64+60 'Wednesday, October 11''
INFO: 2023-10-11 08:11:00,825: build_imagemagick_clock_cmd() 'ImageMagick clock cmd: convert /home/subhashis/Pictures/Walls/Zoro.jpg -scale 1920x1080^ -density 100 -font `fc-match -f '%{file[0]}' 'JetBrains Mono:Bold:70'` -pointsize 70 -gravity SouthEast -fill '#00000044' -annotate 0x0+62+108 '08:11' -fill white -annotate 0x0+64+110 '08:11' -font `fc-match -f '%{file[0]}' 'JetBrains Mono:Bold:30'` -pointsize 30 -fill '#00000044' -annotate 0x0+62+58 'Wednesday, October 11' -fill white -annotate 0x0+64+60 'Wednesday, October 11' /home/subhashis/.config/variety/wallpaper/wallpaper-clock-402baffd43647cfd1fe5a9ece8a379d7.jpg'
INFO: 2023-10-11 08:11:01,289: update_indicator() 'Setting file info to: /home/subhashis/Pictures/Walls/Zoro.jpg'
INFO: 2023-10-11 08:11:01,290: list_files() 'More than 1 files in the folders, stop listing'
INFO: 2023-10-11 08:12:00,833: clock_thread_method() 'clock_thread updates wallpaper'
INFO: 2023-10-11 08:12:00,833: do_set_wp() 'Calling do_set_wp with /home/subhashis/Pictures/Walls/Zoro.jpg, time: 1696992120.833804'
INFO: 2023-10-11 08:12:00,834: compute_trimmed_offsets() 'Trimmed offsets debug info: w:1920, h:1080, ratio:1.777778, iw:4000, ih:2240, scw:1928, sch:1080, ho:4, vo:0'
INFO: 2023-10-11 08:12:00,834: build_imagemagick_clock_cmd() 'Applying clock filter: -density 100 -font `fc-match -f '%{file[0]}' 'JetBrains Mono:Bold:70'` -pointsize 70 -gravity SouthEast -fill '#00000044' -annotate 0x0+62+108 '08:12' -fill white -annotate 0x0+64+110 '08:12' -font `fc-match -f '%{file[0]}' 'JetBrains Mono:Bold:30'` -pointsize 30 -fill '#00000044' -annotate 0x0+62+58 'Wednesday, October 11' -fill white -annotate 0x0+64+60 'Wednesday, October 11''
INFO: 2023-10-11 08:12:00,834: build_imagemagick_clock_cmd() 'ImageMagick clock cmd: convert /home/subhashis/Pictures/Walls/Zoro.jpg -scale 1920x1080^ -density 100 -font `fc-match -f '%{file[0]}' 'JetBrains Mono:Bold:70'` -pointsize 70 -gravity SouthEast -fill '#00000044' -annotate 0x0+62+108 '08:12' -fill white -annotate 0x0+64+110 '08:12' -font `fc-match -f '%{file[0]}' 'JetBrains Mono:Bold:30'` -pointsize 30 -fill '#00000044' -annotate 0x0+62+58 'Wednesday, October 11' -fill white -annotate 0x0+64+60 'Wednesday, October 11' /home/subhashis/.config/variety/wallpaper/wallpaper-clock-d9e6a6ce0d3587e5c0c0ed4107cf1770.jpg'
INFO: 2023-10-11 08:12:01,296: update_indicator() 'Setting file info to: /home/subhashis/Pictures/Walls/Zoro.jpg'
INFO: 2023-10-11 08:12:01,297: list_files() 'More than 1 files in the folders, stop listing'
INFO: 2023-10-11 08:13:00,843: clock_thread_method() 'clock_thread updates wallpaper'
INFO: 2023-10-11 08:13:00,843: do_set_wp() 'Calling do_set_wp with /home/subhashis/Pictures/Walls/Zoro.jpg, time: 1696992180.843434'
INFO: 2023-10-11 08:13:00,844: compute_trimmed_offsets() 'Trimmed offsets debug info: w:1920, h:1080, ratio:1.777778, iw:4000, ih:2240, scw:1928, sch:1080, ho:4, vo:0'
INFO: 2023-10-11 08:13:00,844: build_imagemagick_clock_cmd() 'Applying clock filter: -density 100 -font `fc-match -f '%{file[0]}' 'JetBrains Mono:Bold:70'` -pointsize 70 -gravity SouthEast -fill '#00000044' -annotate 0x0+62+108 '08:13' -fill white -annotate 0x0+64+110 '08:13' -font `fc-match -f '%{file[0]}' 'JetBrains Mono:Bold:30'` -pointsize 30 -fill '#00000044' -annotate 0x0+62+58 'Wednesday, October 11' -fill white -annotate 0x0+64+60 'Wednesday, October 11''
INFO: 2023-10-11 08:13:00,844: build_imagemagick_clock_cmd() 'ImageMagick clock cmd: convert /home/subhashis/Pictures/Walls/Zoro.jpg -scale 1920x1080^ -density 100 -font `fc-match -f '%{file[0]}' 'JetBrains Mono:Bold:70'` -pointsize 70 -gravity SouthEast -fill '#00000044' -annotate 0x0+62+108 '08:13' -fill white -annotate 0x0+64+110 '08:13' -font `fc-match -f '%{file[0]}' 'JetBrains Mono:Bold:30'` -pointsize 30 -fill '#00000044' -annotate 0x0+62+58 'Wednesday, October 11' -fill white -annotate 0x0+64+60 'Wednesday, October 11' /home/subhashis/.config/variety/wallpaper/wallpaper-clock-3e3b309835dd97ccba61a5fcefae2c44.jpg'
INFO: 2023-10-11 08:13:01,368: update_indicator() 'Setting file info to: /home/subhashis/Pictures/Walls/Zoro.jpg'
INFO: 2023-10-11 08:13:01,369: list_files() 'More than 1 files in the folders, stop listing'
INFO: 2023-10-11 08:14:00,853: clock_thread_method() 'clock_thread updates wallpaper'
INFO: 2023-10-11 08:14:00,853: do_set_wp() 'Calling do_set_wp with /home/subhashis/Pictures/Walls/Zoro.jpg, time: 1696992240.853518'
INFO: 2023-10-11 08:14:00,854: compute_trimmed_offsets() 'Trimmed offsets debug info: w:1920, h:1080, ratio:1.777778, iw:4000, ih:2240, scw:1928, sch:1080, ho:4, vo:0'
INFO: 2023-10-11 08:14:00,854: build_imagemagick_clock_cmd() 'Applying clock filter: -density 100 -font `fc-match -f '%{file[0]}' 'JetBrains Mono:Bold:70'` -pointsize 70 -gravity SouthEast -fill '#00000044' -annotate 0x0+62+108 '08:14' -fill white -annotate 0x0+64+110 '08:14' -font `fc-match -f '%{file[0]}' 'JetBrains Mono:Bold:30'` -pointsize 30 -fill '#00000044' -annotate 0x0+62+58 'Wednesday, October 11' -fill white -annotate 0x0+64+60 'Wednesday, October 11''
INFO: 2023-10-11 08:14:00,854: build_imagemagick_clock_cmd() 'ImageMagick clock cmd: convert /home/subhashis/Pictures/Walls/Zoro.jpg -scale 1920x1080^ -density 100 -font `fc-match -f '%{file[0]}' 'JetBrains Mono:Bold:70'` -pointsize 70 -gravity SouthEast -fill '#00000044' -annotate 0x0+62+108 '08:14' -fill white -annotate 0x0+64+110 '08:14' -font `fc-match -f '%{file[0]}' 'JetBrains Mono:Bold:30'` -pointsize 30 -fill '#00000044' -annotate 0x0+62+58 'Wednesday, October 11' -fill white -annotate 0x0+64+60 'Wednesday, October 11' /home/subhashis/.config/variety/wallpaper/wallpaper-clock-e5705cbb67f7a4ff467f34f840e9abf1.jpg'
INFO: 2023-10-11 08:14:01,337: update_indicator() 'Setting file info to: /home/subhashis/Pictures/Walls/Zoro.jpg'
INFO: 2023-10-11 08:14:01,337: list_files() 'More than 1 files in the folders, stop listing'
INFO: 2023-10-11 08:15:00,863: clock_thread_method() 'clock_thread updates wallpaper'
INFO: 2023-10-11 08:15:00,863: do_set_wp() 'Calling do_set_wp with /home/subhashis/Pictures/Walls/Zoro.jpg, time: 1696992300.863653'
INFO: 2023-10-11 08:15:00,864: compute_trimmed_offsets() 'Trimmed offsets debug info: w:1920, h:1080, ratio:1.777778, iw:4000, ih:2240, scw:1928, sch:1080, ho:4, vo:0'
INFO: 2023-10-11 08:15:00,864: build_imagemagick_clock_cmd() 'Applying clock filter: -density 100 -font `fc-match -f '%{file[0]}' 'JetBrains Mono:Bold:70'` -pointsize 70 -gravity SouthEast -fill '#00000044' -annotate 0x0+62+108 '08:15' -fill white -annotate 0x0+64+110 '08:15' -font `fc-match -f '%{file[0]}' 'JetBrains Mono:Bold:30'` -pointsize 30 -fill '#00000044' -annotate 0x0+62+58 'Wednesday, October 11' -fill white -annotate 0x0+64+60 'Wednesday, October 11''
INFO: 2023-10-11 08:15:00,864: build_imagemagick_clock_cmd() 'ImageMagick clock cmd: convert /home/subhashis/Pictures/Walls/Zoro.jpg -scale 1920x1080^ -density 100 -font `fc-match -f '%{file[0]}' 'JetBrains Mono:Bold:70'` -pointsize 70 -gravity SouthEast -fill '#00000044' -annotate 0x0+62+108 '08:15' -fill white -annotate 0x0+64+110 '08:15' -font `fc-match -f '%{file[0]}' 'JetBrains Mono:Bold:30'` -pointsize 30 -fill '#00000044' -annotate 0x0+62+58 'Wednesday, October 11' -fill white -annotate 0x0+64+60 'Wednesday, October 11' /home/subhashis/.config/variety/wallpaper/wallpaper-clock-faea1f18ee967a1b53669dee5cf63050.jpg'
INFO: 2023-10-11 08:15:01,352: update_indicator() 'Setting file info to: /home/subhashis/Pictures/Walls/Zoro.jpg'
INFO: 2023-10-11 08:15:01,353: list_files() 'More than 1 files in the folders, stop listing'
INFO: 2023-10-11 08:16:00,874: clock_thread_method() 'clock_thread updates wallpaper'
INFO: 2023-10-11 08:16:00,874: do_set_wp() 'Calling do_set_wp with /home/subhashis/Pictures/Walls/Zoro.jpg, time: 1696992360.8747525'
INFO: 2023-10-11 08:16:00,875: compute_trimmed_offsets() 'Trimmed offsets debug info: w:1920, h:1080, ratio:1.777778, iw:4000, ih:2240, scw:1928, sch:1080, ho:4, vo:0'
INFO: 2023-10-11 08:16:00,875: build_imagemagick_clock_cmd() 'Applying clock filter: -density 100 -font `fc-match -f '%{file[0]}' 'JetBrains Mono:Bold:70'` -pointsize 70 -gravity SouthEast -fill '#00000044' -annotate 0x0+62+108 '08:16' -fill white -annotate 0x0+64+110 '08:16' -font `fc-match -f '%{file[0]}' 'JetBrains Mono:Bold:30'` -pointsize 30 -fill '#00000044' -annotate 0x0+62+58 'Wednesday, October 11' -fill white -annotate 0x0+64+60 'Wednesday, October 11''
INFO: 2023-10-11 08:16:00,875: build_imagemagick_clock_cmd() 'ImageMagick clock cmd: convert /home/subhashis/Pictures/Walls/Zoro.jpg -scale 1920x1080^ -density 100 -font `fc-match -f '%{file[0]}' 'JetBrains Mono:Bold:70'` -pointsize 70 -gravity SouthEast -fill '#00000044' -annotate 0x0+62+108 '08:16' -fill white -annotate 0x0+64+110 '08:16' -font `fc-match -f '%{file[0]}' 'JetBrains Mono:Bold:30'` -pointsize 30 -fill '#00000044' -annotate 0x0+62+58 'Wednesday, October 11' -fill white -annotate 0x0+64+60 'Wednesday, October 11' /home/subhashis/.config/variety/wallpaper/wallpaper-clock-02f0e3f075ea4010d61872c8a21906e0.jpg'
INFO: 2023-10-11 08:16:01,338: update_indicator() 'Setting file info to: /home/subhashis/Pictures/Walls/Zoro.jpg'
INFO: 2023-10-11 08:16:01,338: list_files() 'More than 1 files in the folders, stop listing'
INFO: 2023-10-11 08:17:00,884: clock_thread_method() 'clock_thread updates wallpaper'
INFO: 2023-10-11 08:17:00,884: do_set_wp() 'Calling do_set_wp with /home/subhashis/Pictures/Walls/Zoro.jpg, time: 1696992420.884919'
INFO: 2023-10-11 08:17:00,885: compute_trimmed_offsets() 'Trimmed offsets debug info: w:1920, h:1080, ratio:1.777778, iw:4000, ih:2240, scw:1928, sch:1080, ho:4, vo:0'
INFO: 2023-10-11 08:17:00,885: build_imagemagick_clock_cmd() 'Applying clock filter: -density 100 -font `fc-match -f '%{file[0]}' 'JetBrains Mono:Bold:70'` -pointsize 70 -gravity SouthEast -fill '#00000044' -annotate 0x0+62+108 '08:17' -fill white -annotate 0x0+64+110 '08:17' -font `fc-match -f '%{file[0]}' 'JetBrains Mono:Bold:30'` -pointsize 30 -fill '#00000044' -annotate 0x0+62+58 'Wednesday, October 11' -fill white -annotate 0x0+64+60 'Wednesday, October 11''
INFO: 2023-10-11 08:17:00,885: build_imagemagick_clock_cmd() 'ImageMagick clock cmd: convert /home/subhashis/Pictures/Walls/Zoro.jpg -scale 1920x1080^ -density 100 -font `fc-match -f '%{file[0]}' 'JetBrains Mono:Bold:70'` -pointsize 70 -gravity SouthEast -fill '#00000044' -annotate 0x0+62+108 '08:17' -fill white -annotate 0x0+64+110 '08:17' -font `fc-match -f '%{file[0]}' 'JetBrains Mono:Bold:30'` -pointsize 30 -fill '#00000044' -annotate 0x0+62+58 'Wednesday, October 11' -fill white -annotate 0x0+64+60 'Wednesday, October 11' /home/subhashis/.config/variety/wallpaper/wallpaper-clock-e12ee610985db50828f9d8739bdfd113.jpg'
INFO: 2023-10-11 08:17:01,351: update_indicator() 'Setting file info to: /home/subhashis/Pictures/Walls/Zoro.jpg'
INFO: 2023-10-11 08:17:01,352: list_files() 'More than 1 files in the folders, stop listing'
INFO: 2023-10-11 08:18:00,893: clock_thread_method() 'clock_thread updates wallpaper'
INFO: 2023-10-11 08:18:00,894: do_set_wp() 'Calling do_set_wp with /home/subhashis/Pictures/Walls/Zoro.jpg, time: 1696992480.8943148'
INFO: 2023-10-11 08:18:00,894: compute_trimmed_offsets() 'Trimmed offsets debug info: w:1920, h:1080, ratio:1.777778, iw:4000, ih:2240, scw:1928, sch:1080, ho:4, vo:0'
INFO: 2023-10-11 08:18:00,895: build_imagemagick_clock_cmd() 'Applying clock filter: -density 100 -font `fc-match -f '%{file[0]}' 'JetBrains Mono:Bold:70'` -pointsize 70 -gravity SouthEast -fill '#00000044' -annotate 0x0+62+108 '08:18' -fill white -annotate 0x0+64+110 '08:18' -font `fc-match -f '%{file[0]}' 'JetBrains Mono:Bold:30'` -pointsize 30 -fill '#00000044' -annotate 0x0+62+58 'Wednesday, October 11' -fill white -annotate 0x0+64+60 'Wednesday, October 11''
INFO: 2023-10-11 08:18:00,895: build_imagemagick_clock_cmd() 'ImageMagick clock cmd: convert /home/subhashis/Pictures/Walls/Zoro.jpg -scale 1920x1080^ -density 100 -font `fc-match -f '%{file[0]}' 'JetBrains Mono:Bold:70'` -pointsize 70 -gravity SouthEast -fill '#00000044' -annotate 0x0+62+108 '08:18' -fill white -annotate 0x0+64+110 '08:18' -font `fc-match -f '%{file[0]}' 'JetBrains Mono:Bold:30'` -pointsize 30 -fill '#00000044' -annotate 0x0+62+58 'Wednesday, October 11' -fill white -annotate 0x0+64+60 'Wednesday, October 11' /home/subhashis/.config/variety/wallpaper/wallpaper-clock-9b20d970ea7292346e813927fe96ac51.jpg'
INFO: 2023-10-11 08:18:01,363: update_indicator() 'Setting file info to: /home/subhashis/Pictures/Walls/Zoro.jpg'
INFO: 2023-10-11 08:18:01,364: list_files() 'More than 1 files in the folders, stop listing'
INFO: 2023-10-11 08:19:00,903: clock_thread_method() 'clock_thread updates wallpaper'
INFO: 2023-10-11 08:19:00,904: do_set_wp() 'Calling do_set_wp with /home/subhashis/Pictures/Walls/Zoro.jpg, time: 1696992540.9040549'
INFO: 2023-10-11 08:19:00,904: compute_trimmed_offsets() 'Trimmed offsets debug info: w:1920, h:1080, ratio:1.777778, iw:4000, ih:2240, scw:1928, sch:1080, ho:4, vo:0'
INFO: 2023-10-11 08:19:00,904: build_imagemagick_clock_cmd() 'Applying clock filter: -density 100 -font `fc-match -f '%{file[0]}' 'JetBrains Mono:Bold:70'` -pointsize 70 -gravity SouthEast -fill '#00000044' -annotate 0x0+62+108 '08:19' -fill white -annotate 0x0+64+110 '08:19' -font `fc-match -f '%{file[0]}' 'JetBrains Mono:Bold:30'` -pointsize 30 -fill '#00000044' -annotate 0x0+62+58 'Wednesday, October 11' -fill white -annotate 0x0+64+60 'Wednesday, October 11''
INFO: 2023-10-11 08:19:00,904: build_imagemagick_clock_cmd() 'ImageMagick clock cmd: convert /home/subhashis/Pictures/Walls/Zoro.jpg -scale 1920x1080^ -density 100 -font `fc-match -f '%{file[0]}' 'JetBrains Mono:Bold:70'` -pointsize 70 -gravity SouthEast -fill '#00000044' -annotate 0x0+62+108 '08:19' -fill white -annotate 0x0+64+110 '08:19' -font `fc-match -f '%{file[0]}' 'JetBrains Mono:Bold:30'` -pointsize 30 -fill '#00000044' -annotate 0x0+62+58 'Wednesday, October 11' -fill white -annotate 0x0+64+60 'Wednesday, October 11' /home/subhashis/.config/variety/wallpaper/wallpaper-clock-7c48e725291992642832a188a39f34f5.jpg'
INFO: 2023-10-11 08:19:01,369: update_indicator() 'Setting file info to: /home/subhashis/Pictures/Walls/Zoro.jpg'
INFO: 2023-10-11 08:19:01,370: list_files() 'More than 1 files in the folders, stop listing'
INFO: 2023-10-11 08:20:00,913: clock_thread_method() 'clock_thread updates wallpaper'
INFO: 2023-10-11 08:20:00,914: do_set_wp() 'Calling do_set_wp with /home/subhashis/Pictures/Walls/Zoro.jpg, time: 1696992600.914164'
INFO: 2023-10-11 08:20:00,915: compute_trimmed_offsets() 'Trimmed offsets debug info: w:1920, h:1080, ratio:1.777778, iw:4000, ih:2240, scw:1928, sch:1080, ho:4, vo:0'
INFO: 2023-10-11 08:20:00,915: build_imagemagick_clock_cmd() 'Applying clock filter: -density 100 -font `fc-match -f '%{file[0]}' 'JetBrains Mono:Bold:70'` -pointsize 70 -gravity SouthEast -fill '#00000044' -annotate 0x0+62+108 '08:20' -fill white -annotate 0x0+64+110 '08:20' -font `fc-match -f '%{file[0]}' 'JetBrains Mono:Bold:30'` -pointsize 30 -fill '#00000044' -annotate 0x0+62+58 'Wednesday, October 11' -fill white -annotate 0x0+64+60 'Wednesday, October 11''
INFO: 2023-10-11 08:20:00,915: build_imagemagick_clock_cmd() 'ImageMagick clock cmd: convert /home/subhashis/Pictures/Walls/Zoro.jpg -scale 1920x1080^ -density 100 -font `fc-match -f '%{file[0]}' 'JetBrains Mono:Bold:70'` -pointsize 70 -gravity SouthEast -fill '#00000044' -annotate 0x0+62+108 '08:20' -fill white -annotate 0x0+64+110 '08:20' -font `fc-match -f '%{file[0]}' 'JetBrains Mono:Bold:30'` -pointsize 30 -fill '#00000044' -annotate 0x0+62+58 'Wednesday, October 11' -fill white -annotate 0x0+64+60 'Wednesday, October 11' /home/subhashis/.config/variety/wallpaper/wallpaper-clock-c18af7b4c05e91d0918a79b65f2d479f.jpg'
INFO: 2023-10-11 08:20:01,433: update_indicator() 'Setting file info to: /home/subhashis/Pictures/Walls/Zoro.jpg'
INFO: 2023-10-11 08:20:01,434: list_files() 'More than 1 files in the folders, stop listing'
INFO: 2023-10-11 08:21:00,923: clock_thread_method() 'clock_thread updates wallpaper'
INFO: 2023-10-11 08:21:00,923: do_set_wp() 'Calling do_set_wp with /home/subhashis/Pictures/Walls/Zoro.jpg, time: 1696992660.923764'
INFO: 2023-10-11 08:21:00,924: compute_trimmed_offsets() 'Trimmed offsets debug info: w:1920, h:1080, ratio:1.777778, iw:4000, ih:2240, scw:1928, sch:1080, ho:4, vo:0'
INFO: 2023-10-11 08:21:00,924: build_imagemagick_clock_cmd() 'Applying clock filter: -density 100 -font `fc-match -f '%{file[0]}' 'JetBrains Mono:Bold:70'` -pointsize 70 -gravity SouthEast -fill '#00000044' -annotate 0x0+62+108 '08:21' -fill white -annotate 0x0+64+110 '08:21' -font `fc-match -f '%{file[0]}' 'JetBrains Mono:Bold:30'` -pointsize 30 -fill '#00000044' -annotate 0x0+62+58 'Wednesday, October 11' -fill white -annotate 0x0+64+60 'Wednesday, October 11''
INFO: 2023-10-11 08:21:00,924: build_imagemagick_clock_cmd() 'ImageMagick clock cmd: convert /home/subhashis/Pictures/Walls/Zoro.jpg -scale 1920x1080^ -density 100 -font `fc-match -f '%{file[0]}' 'JetBrains Mono:Bold:70'` -pointsize 70 -gravity SouthEast -fill '#00000044' -annotate 0x0+62+108 '08:21' -fill white -annotate 0x0+64+110 '08:21' -font `fc-match -f '%{file[0]}' 'JetBrains Mono:Bold:30'` -pointsize 30 -fill '#00000044' -annotate 0x0+62+58 'Wednesday, October 11' -fill white -annotate 0x0+64+60 'Wednesday, October 11' /home/subhashis/.config/variety/wallpaper/wallpaper-clock-3f83f21f27362231b0c0f7ea67853539.jpg'
INFO: 2023-10-11 08:21:01,398: update_indicator() 'Setting file info to: /home/subhashis/Pictures/Walls/Zoro.jpg'
INFO: 2023-10-11 08:21:01,399: list_files() 'More than 1 files in the folders, stop listing'
INFO: 2023-10-11 08:22:00,932: clock_thread_method() 'clock_thread updates wallpaper'
INFO: 2023-10-11 08:22:00,932: do_set_wp() 'Calling do_set_wp with /home/subhashis/Pictures/Walls/Zoro.jpg, time: 1696992720.9328156'
INFO: 2023-10-11 08:22:00,933: compute_trimmed_offsets() 'Trimmed offsets debug info: w:1920, h:1080, ratio:1.777778, iw:4000, ih:2240, scw:1928, sch:1080, ho:4, vo:0'
INFO: 2023-10-11 08:22:00,933: build_imagemagick_clock_cmd() 'Applying clock filter: -density 100 -font `fc-match -f '%{file[0]}' 'JetBrains Mono:Bold:70'` -pointsize 70 -gravity SouthEast -fill '#00000044' -annotate 0x0+62+108 '08:22' -fill white -annotate 0x0+64+110 '08:22' -font `fc-match -f '%{file[0]}' 'JetBrains Mono:Bold:30'` -pointsize 30 -fill '#00000044' -annotate 0x0+62+58 'Wednesday, October 11' -fill white -annotate 0x0+64+60 'Wednesday, October 11''
INFO: 2023-10-11 08:22:00,933: build_imagemagick_clock_cmd() 'ImageMagick clock cmd: convert /home/subhashis/Pictures/Walls/Zoro.jpg -scale 1920x1080^ -density 100 -font `fc-match -f '%{file[0]}' 'JetBrains Mono:Bold:70'` -pointsize 70 -gravity SouthEast -fill '#00000044' -annotate 0x0+62+108 '08:22' -fill white -annotate 0x0+64+110 '08:22' -font `fc-match -f '%{file[0]}' 'JetBrains Mono:Bold:30'` -pointsize 30 -fill '#00000044' -annotate 0x0+62+58 'Wednesday, October 11' -fill white -annotate 0x0+64+60 'Wednesday, October 11' /home/subhashis/.config/variety/wallpaper/wallpaper-clock-74c8c3eb559e8cf35cca24852f2e8a9b.jpg'
INFO: 2023-10-11 08:22:01,401: update_indicator() 'Setting file info to: /home/subhashis/Pictures/Walls/Zoro.jpg'
INFO: 2023-10-11 08:22:01,401: list_files() 'More than 1 files in the folders, stop listing'
INFO: 2023-10-11 08:23:00,942: clock_thread_method() 'clock_thread updates wallpaper'
INFO: 2023-10-11 08:23:00,942: do_set_wp() 'Calling do_set_wp with /home/subhashis/Pictures/Walls/Zoro.jpg, time: 1696992780.9427774'
INFO: 2023-10-11 08:23:00,943: compute_trimmed_offsets() 'Trimmed offsets debug info: w:1920, h:1080, ratio:1.777778, iw:4000, ih:2240, scw:1928, sch:1080, ho:4, vo:0'
INFO: 2023-10-11 08:23:00,943: build_imagemagick_clock_cmd() 'Applying clock filter: -density 100 -font `fc-match -f '%{file[0]}' 'JetBrains Mono:Bold:70'` -pointsize 70 -gravity SouthEast -fill '#00000044' -annotate 0x0+62+108 '08:23' -fill white -annotate 0x0+64+110 '08:23' -font `fc-match -f '%{file[0]}' 'JetBrains Mono:Bold:30'` -pointsize 30 -fill '#00000044' -annotate 0x0+62+58 'Wednesday, October 11' -fill white -annotate 0x0+64+60 'Wednesday, October 11''
INFO: 2023-10-11 08:23:00,943: build_imagemagick_clock_cmd() 'ImageMagick clock cmd: convert /home/subhashis/Pictures/Walls/Zoro.jpg -scale 1920x1080^ -density 100 -font `fc-match -f '%{file[0]}' 'JetBrains Mono:Bold:70'` -pointsize 70 -gravity SouthEast -fill '#00000044' -annotate 0x0+62+108 '08:23' -fill white -annotate 0x0+64+110 '08:23' -font `fc-match -f '%{file[0]}' 'JetBrains Mono:Bold:30'` -pointsize 30 -fill '#00000044' -annotate 0x0+62+58 'Wednesday, October 11' -fill white -annotate 0x0+64+60 'Wednesday, October 11' /home/subhashis/.config/variety/wallpaper/wallpaper-clock-d363bf30805f5319d6758a370ea0b5c6.jpg'
INFO: 2023-10-11 08:23:01,437: update_indicator() 'Setting file info to: /home/subhashis/Pictures/Walls/Zoro.jpg'
INFO: 2023-10-11 08:23:01,438: list_files() 'More than 1 files in the folders, stop listing'
INFO: 2023-10-11 08:24:00,952: clock_thread_method() 'clock_thread updates wallpaper'
INFO: 2023-10-11 08:24:00,952: do_set_wp() 'Calling do_set_wp with /home/subhashis/Pictures/Walls/Zoro.jpg, time: 1696992840.952756'
INFO: 2023-10-11 08:24:00,953: compute_trimmed_offsets() 'Trimmed offsets debug info: w:1920, h:1080, ratio:1.777778, iw:4000, ih:2240, scw:1928, sch:1080, ho:4, vo:0'
INFO: 2023-10-11 08:24:00,953: build_imagemagick_clock_cmd() 'Applying clock filter: -density 100 -font `fc-match -f '%{file[0]}' 'JetBrains Mono:Bold:70'` -pointsize 70 -gravity SouthEast -fill '#00000044' -annotate 0x0+62+108 '08:24' -fill white -annotate 0x0+64+110 '08:24' -font `fc-match -f '%{file[0]}' 'JetBrains Mono:Bold:30'` -pointsize 30 -fill '#00000044' -annotate 0x0+62+58 'Wednesday, October 11' -fill white -annotate 0x0+64+60 'Wednesday, October 11''
INFO: 2023-10-11 08:24:00,953: build_imagemagick_clock_cmd() 'ImageMagick clock cmd: convert /home/subhashis/Pictures/Walls/Zoro.jpg -scale 1920x1080^ -density 100 -font `fc-match -f '%{file[0]}' 'JetBrains Mono:Bold:70'` -pointsize 70 -gravity SouthEast -fill '#00000044' -annotate 0x0+62+108 '08:24' -fill white -annotate 0x0+64+110 '08:24' -font `fc-match -f '%{file[0]}' 'JetBrains Mono:Bold:30'` -pointsize 30 -fill '#00000044' -annotate 0x0+62+58 'Wednesday, October 11' -fill white -annotate 0x0+64+60 'Wednesday, October 11' /home/subhashis/.config/variety/wallpaper/wallpaper-clock-25922bde62d2f1b0ed5c407438281923.jpg'
INFO: 2023-10-11 08:24:01,446: update_indicator() 'Setting file info to: /home/subhashis/Pictures/Walls/Zoro.jpg'
INFO: 2023-10-11 08:24:01,447: list_files() 'More than 1 files in the folders, stop listing'
INFO: 2023-10-11 08:25:00,962: clock_thread_method() 'clock_thread updates wallpaper'
INFO: 2023-10-11 08:25:00,962: do_set_wp() 'Calling do_set_wp with /home/subhashis/Pictures/Walls/Zoro.jpg, time: 1696992900.9629023'
INFO: 2023-10-11 08:25:00,963: compute_trimmed_offsets() 'Trimmed offsets debug info: w:1920, h:1080, ratio:1.777778, iw:4000, ih:2240, scw:1928, sch:1080, ho:4, vo:0'
INFO: 2023-10-11 08:25:00,963: build_imagemagick_clock_cmd() 'Applying clock filter: -density 100 -font `fc-match -f '%{file[0]}' 'JetBrains Mono:Bold:70'` -pointsize 70 -gravity SouthEast -fill '#00000044' -annotate 0x0+62+108 '08:25' -fill white -annotate 0x0+64+110 '08:25' -font `fc-match -f '%{file[0]}' 'JetBrains Mono:Bold:30'` -pointsize 30 -fill '#00000044' -annotate 0x0+62+58 'Wednesday, October 11' -fill white -annotate 0x0+64+60 'Wednesday, October 11''
INFO: 2023-10-11 08:25:00,963: build_imagemagick_clock_cmd() 'ImageMagick clock cmd: convert /home/subhashis/Pictures/Walls/Zoro.jpg -scale 1920x1080^ -density 100 -font `fc-match -f '%{file[0]}' 'JetBrains Mono:Bold:70'` -pointsize 70 -gravity SouthEast -fill '#00000044' -annotate 0x0+62+108 '08:25' -fill white -annotate 0x0+64+110 '08:25' -font `fc-match -f '%{file[0]}' 'JetBrains Mono:Bold:30'` -pointsize 30 -fill '#00000044' -annotate 0x0+62+58 'Wednesday, October 11' -fill white -annotate 0x0+64+60 'Wednesday, October 11' /home/subhashis/.config/variety/wallpaper/wallpaper-clock-87ee00b4e0c59b80a254b12ab90efc54.jpg'
INFO: 2023-10-11 08:25:01,453: update_indicator() 'Setting file info to: /home/subhashis/Pictures/Walls/Zoro.jpg'
INFO: 2023-10-11 08:25:01,454: list_files() 'More than 1 files in the folders, stop listing'
INFO: 2023-10-11 08:26:00,972: clock_thread_method() 'clock_thread updates wallpaper'
INFO: 2023-10-11 08:26:00,972: do_set_wp() 'Calling do_set_wp with /home/subhashis/Pictures/Walls/Zoro.jpg, time: 1696992960.972404'
INFO: 2023-10-11 08:26:00,972: compute_trimmed_offsets() 'Trimmed offsets debug info: w:1920, h:1080, ratio:1.777778, iw:4000, ih:2240, scw:1928, sch:1080, ho:4, vo:0'
INFO: 2023-10-11 08:26:00,973: build_imagemagick_clock_cmd() 'Applying clock filter: -density 100 -font `fc-match -f '%{file[0]}' 'JetBrains Mono:Bold:70'` -pointsize 70 -gravity SouthEast -fill '#00000044' -annotate 0x0+62+108 '08:26' -fill white -annotate 0x0+64+110 '08:26' -font `fc-match -f '%{file[0]}' 'JetBrains Mono:Bold:30'` -pointsize 30 -fill '#00000044' -annotate 0x0+62+58 'Wednesday, October 11' -fill white -annotate 0x0+64+60 'Wednesday, October 11''
INFO: 2023-10-11 08:26:00,973: build_imagemagick_clock_cmd() 'ImageMagick clock cmd: convert /home/subhashis/Pictures/Walls/Zoro.jpg -scale 1920x1080^ -density 100 -font `fc-match -f '%{file[0]}' 'JetBrains Mono:Bold:70'` -pointsize 70 -gravity SouthEast -fill '#00000044' -annotate 0x0+62+108 '08:26' -fill white -annotate 0x0+64+110 '08:26' -font `fc-match -f '%{file[0]}' 'JetBrains Mono:Bold:30'` -pointsize 30 -fill '#00000044' -annotate 0x0+62+58 'Wednesday, October 11' -fill white -annotate 0x0+64+60 'Wednesday, October 11' /home/subhashis/.config/variety/wallpaper/wallpaper-clock-76198370f174064cdbf9443e6391a52a.jpg'
INFO: 2023-10-11 08:26:01,501: update_indicator() 'Setting file info to: /home/subhashis/Pictures/Walls/Zoro.jpg'
INFO: 2023-10-11 08:26:01,502: list_files() 'More than 1 files in the folders, stop listing'
INFO: 2023-10-11 08:27:00,982: clock_thread_method() 'clock_thread updates wallpaper'
INFO: 2023-10-11 08:27:00,982: do_set_wp() 'Calling do_set_wp with /home/subhashis/Pictures/Walls/Zoro.jpg, time: 1696993020.9825394'
INFO: 2023-10-11 08:27:00,983: compute_trimmed_offsets() 'Trimmed offsets debug info: w:1920, h:1080, ratio:1.777778, iw:4000, ih:2240, scw:1928, sch:1080, ho:4, vo:0'
INFO: 2023-10-11 08:27:00,983: build_imagemagick_clock_cmd() 'Applying clock filter: -density 100 -font `fc-match -f '%{file[0]}' 'JetBrains Mono:Bold:70'` -pointsize 70 -gravity SouthEast -fill '#00000044' -annotate 0x0+62+108 '08:27' -fill white -annotate 0x0+64+110 '08:27' -font `fc-match -f '%{file[0]}' 'JetBrains Mono:Bold:30'` -pointsize 30 -fill '#00000044' -annotate 0x0+62+58 'Wednesday, October 11' -fill white -annotate 0x0+64+60 'Wednesday, October 11''
INFO: 2023-10-11 08:27:00,983: build_imagemagick_clock_cmd() 'ImageMagick clock cmd: convert /home/subhashis/Pictures/Walls/Zoro.jpg -scale 1920x1080^ -density 100 -font `fc-match -f '%{file[0]}' 'JetBrains Mono:Bold:70'` -pointsize 70 -gravity SouthEast -fill '#00000044' -annotate 0x0+62+108 '08:27' -fill white -annotate 0x0+64+110 '08:27' -font `fc-match -f '%{file[0]}' 'JetBrains Mono:Bold:30'` -pointsize 30 -fill '#00000044' -annotate 0x0+62+58 'Wednesday, October 11' -fill white -annotate 0x0+64+60 'Wednesday, October 11' /home/subhashis/.config/variety/wallpaper/wallpaper-clock-df322cceaa0dd2f8d53b670646686486.jpg'
INFO: 2023-10-11 08:27:01,445: update_indicator() 'Setting file info to: /home/subhashis/Pictures/Walls/Zoro.jpg'
INFO: 2023-10-11 08:27:01,446: list_files() 'More than 1 files in the folders, stop listing'
INFO: 2023-10-11 08:28:00,991: clock_thread_method() 'clock_thread updates wallpaper'
INFO: 2023-10-11 08:28:00,992: do_set_wp() 'Calling do_set_wp with /home/subhashis/Pictures/Walls/Zoro.jpg, time: 1696993080.9920938'
INFO: 2023-10-11 08:28:00,992: compute_trimmed_offsets() 'Trimmed offsets debug info: w:1920, h:1080, ratio:1.777778, iw:4000, ih:2240, scw:1928, sch:1080, ho:4, vo:0'
INFO: 2023-10-11 08:28:00,992: build_imagemagick_clock_cmd() 'Applying clock filter: -density 100 -font `fc-match -f '%{file[0]}' 'JetBrains Mono:Bold:70'` -pointsize 70 -gravity SouthEast -fill '#00000044' -annotate 0x0+62+108 '08:28' -fill white -annotate 0x0+64+110 '08:28' -font `fc-match -f '%{file[0]}' 'JetBrains Mono:Bold:30'` -pointsize 30 -fill '#00000044' -annotate 0x0+62+58 'Wednesday, October 11' -fill white -annotate 0x0+64+60 'Wednesday, October 11''
INFO: 2023-10-11 08:28:00,992: build_imagemagick_clock_cmd() 'ImageMagick clock cmd: convert /home/subhashis/Pictures/Walls/Zoro.jpg -scale 1920x1080^ -density 100 -font `fc-match -f '%{file[0]}' 'JetBrains Mono:Bold:70'` -pointsize 70 -gravity SouthEast -fill '#00000044' -annotate 0x0+62+108 '08:28' -fill white -annotate 0x0+64+110 '08:28' -font `fc-match -f '%{file[0]}' 'JetBrains Mono:Bold:30'` -pointsize 30 -fill '#00000044' -annotate 0x0+62+58 'Wednesday, October 11' -fill white -annotate 0x0+64+60 'Wednesday, October 11' /home/subhashis/.config/variety/wallpaper/wallpaper-clock-4d6f73fb637896010d96ff97af33ca24.jpg'
INFO: 2023-10-11 08:28:01,454: update_indicator() 'Setting file info to: /home/subhashis/Pictures/Walls/Zoro.jpg'
INFO: 2023-10-11 08:28:01,455: list_files() 'More than 1 files in the folders, stop listing'
INFO: 2023-10-11 08:29:00,001: clock_thread_method() 'clock_thread updates wallpaper'
INFO: 2023-10-11 08:29:00,001: do_set_wp() 'Calling do_set_wp with /home/subhashis/Pictures/Walls/Zoro.jpg, time: 1696993140.0018234'
INFO: 2023-10-11 08:29:00,002: compute_trimmed_offsets() 'Trimmed offsets debug info: w:1920, h:1080, ratio:1.777778, iw:4000, ih:2240, scw:1928, sch:1080, ho:4, vo:0'
INFO: 2023-10-11 08:29:00,002: build_imagemagick_clock_cmd() 'Applying clock filter: -density 100 -font `fc-match -f '%{file[0]}' 'JetBrains Mono:Bold:70'` -pointsize 70 -gravity SouthEast -fill '#00000044' -annotate 0x0+62+108 '08:29' -fill white -annotate 0x0+64+110 '08:29' -font `fc-match -f '%{file[0]}' 'JetBrains Mono:Bold:30'` -pointsize 30 -fill '#00000044' -annotate 0x0+62+58 'Wednesday, October 11' -fill white -annotate 0x0+64+60 'Wednesday, October 11''
INFO: 2023-10-11 08:29:00,002: build_imagemagick_clock_cmd() 'ImageMagick clock cmd: convert /home/subhashis/Pictures/Walls/Zoro.jpg -scale 1920x1080^ -density 100 -font `fc-match -f '%{file[0]}' 'JetBrains Mono:Bold:70'` -pointsize 70 -gravity SouthEast -fill '#00000044' -annotate 0x0+62+108 '08:29' -fill white -annotate 0x0+64+110 '08:29' -font `fc-match -f '%{file[0]}' 'JetBrains Mono:Bold:30'` -pointsize 30 -fill '#00000044' -annotate 0x0+62+58 'Wednesday, October 11' -fill white -annotate 0x0+64+60 'Wednesday, October 11' /home/subhashis/.config/variety/wallpaper/wallpaper-clock-1d0254e0962933abc506d170a3e48440.jpg'
INFO: 2023-10-11 08:29:00,481: update_indicator() 'Setting file info to: /home/subhashis/Pictures/Walls/Zoro.jpg'
INFO: 2023-10-11 08:29:00,482: list_files() 'More than 1 files in the folders, stop listing'
INFO: 2023-10-11 08:30:00,011: clock_thread_method() 'clock_thread updates wallpaper'
INFO: 2023-10-11 08:30:00,011: do_set_wp() 'Calling do_set_wp with /home/subhashis/Pictures/Walls/Zoro.jpg, time: 1696993200.0117216'
INFO: 2023-10-11 08:30:00,012: compute_trimmed_offsets() 'Trimmed offsets debug info: w:1920, h:1080, ratio:1.777778, iw:4000, ih:2240, scw:1928, sch:1080, ho:4, vo:0'
INFO: 2023-10-11 08:30:00,012: build_imagemagick_clock_cmd() 'Applying clock filter: -density 100 -font `fc-match -f '%{file[0]}' 'JetBrains Mono:Bold:70'` -pointsize 70 -gravity SouthEast -fill '#00000044' -annotate 0x0+62+108 '08:30' -fill white -annotate 0x0+64+110 '08:30' -font `fc-match -f '%{file[0]}' 'JetBrains Mono:Bold:30'` -pointsize 30 -fill '#00000044' -annotate 0x0+62+58 'Wednesday, October 11' -fill white -annotate 0x0+64+60 'Wednesday, October 11''
INFO: 2023-10-11 08:30:00,012: build_imagemagick_clock_cmd() 'ImageMagick clock cmd: convert /home/subhashis/Pictures/Walls/Zoro.jpg -scale 1920x1080^ -density 100 -font `fc-match -f '%{file[0]}' 'JetBrains Mono:Bold:70'` -pointsize 70 -gravity SouthEast -fill '#00000044' -annotate 0x0+62+108 '08:30' -fill white -annotate 0x0+64+110 '08:30' -font `fc-match -f '%{file[0]}' 'JetBrains Mono:Bold:30'` -pointsize 30 -fill '#00000044' -annotate 0x0+62+58 'Wednesday, October 11' -fill white -annotate 0x0+64+60 'Wednesday, October 11' /home/subhashis/.config/variety/wallpaper/wallpaper-clock-169bd148dc1084bbeb044921865a88a6.jpg'
INFO: 2023-10-11 08:30:00,474: update_indicator() 'Setting file info to: /home/subhashis/Pictures/Walls/Zoro.jpg'
INFO: 2023-10-11 08:30:00,475: list_files() 'More than 1 files in the folders, stop listing'
INFO: 2023-10-11 08:31:00,020: clock_thread_method() 'clock_thread updates wallpaper'
INFO: 2023-10-11 08:31:00,021: do_set_wp() 'Calling do_set_wp with /home/subhashis/Pictures/Walls/Zoro.jpg, time: 1696993260.021226'
INFO: 2023-10-11 08:31:00,021: compute_trimmed_offsets() 'Trimmed offsets debug info: w:1920, h:1080, ratio:1.777778, iw:4000, ih:2240, scw:1928, sch:1080, ho:4, vo:0'
INFO: 2023-10-11 08:31:00,022: build_imagemagick_clock_cmd() 'Applying clock filter: -density 100 -font `fc-match -f '%{file[0]}' 'JetBrains Mono:Bold:70'` -pointsize 70 -gravity SouthEast -fill '#00000044' -annotate 0x0+62+108 '08:31' -fill white -annotate 0x0+64+110 '08:31' -font `fc-match -f '%{file[0]}' 'JetBrains Mono:Bold:30'` -pointsize 30 -fill '#00000044' -annotate 0x0+62+58 'Wednesday, October 11' -fill white -annotate 0x0+64+60 'Wednesday, October 11''
INFO: 2023-10-11 08:31:00,022: build_imagemagick_clock_cmd() 'ImageMagick clock cmd: convert /home/subhashis/Pictures/Walls/Zoro.jpg -scale 1920x1080^ -density 100 -font `fc-match -f '%{file[0]}' 'JetBrains Mono:Bold:70'` -pointsize 70 -gravity SouthEast -fill '#00000044' -annotate 0x0+62+108 '08:31' -fill white -annotate 0x0+64+110 '08:31' -font `fc-match -f '%{file[0]}' 'JetBrains Mono:Bold:30'` -pointsize 30 -fill '#00000044' -annotate 0x0+62+58 'Wednesday, October 11' -fill white -annotate 0x0+64+60 'Wednesday, October 11' /home/subhashis/.config/variety/wallpaper/wallpaper-clock-281499ef8ae30858b26e741658d4405d.jpg'
INFO: 2023-10-11 08:31:00,483: update_indicator() 'Setting file info to: /home/subhashis/Pictures/Walls/Zoro.jpg'
INFO: 2023-10-11 08:31:00,484: list_files() 'More than 1 files in the folders, stop listing'
